<?xml version="1.0" encoding="UTF-8"?>
<!-- Generated by org.testng.reporters.JUnitReportReporter -->
<testsuite skipped="0" hostname="ZIAN" name="org.example.testRunner.runners$runnerss" tests="1" failures="0" timestamp="2023-05-20T10:07:29 EET" time="36.487" errors="0">
  <testcase name="runScenario" time="36.487" classname="org.example.testRunner.runners$runnerss"/>
  <system-out/>
</testsuite> <!-- org.example.testRunner.runners$runnerss -->
